[2018-11-20 00:28:24,355] TRACE [Controller id=0 epoch=2] Changed partition streams-wordcount-counts-store-repartition-0 state from NonExistentPartition to NewPartition with assigned replicas 0 (state.change.logger)
[2018-11-20 00:28:24,358] TRACE [Controller id=0 epoch=2] Changed state of replica 0 for partition streams-wordcount-counts-store-repartition-0 from NonExistentReplica to NewReplica (state.change.logger)
[2018-11-20 00:28:24,369] TRACE [Controller id=0 epoch=2] Changed partition streams-wordcount-counts-store-repartition-0 from NewPartition to OnlinePartition with state LeaderAndIsr(leader=0, leaderEpoch=0, isr=List(0), zkVersion=0) (state.change.logger)
[2018-11-20 00:28:24,370] TRACE [Controller id=0 epoch=2] Sending become-leader LeaderAndIsr request PartitionState(controllerEpoch=2, leader=0, leaderEpoch=0, isr=0, zkVersion=0, replicas=0, isNew=true) to broker 0 for partition streams-wordcount-counts-store-repartition-0 (state.change.logger)
[2018-11-20 00:28:24,372] TRACE [Controller id=0 epoch=2] Sending UpdateMetadata request PartitionState(controllerEpoch=2, leader=0, leaderEpoch=0, isr=[0], zkVersion=0, replicas=[0], offlineReplicas=[]) to brokers Set(0) for partition streams-wordcount-counts-store-repartition-0 (state.change.logger)
[2018-11-20 00:28:24,372] TRACE [Controller id=0 epoch=2] Changed state of replica 0 for partition streams-wordcount-counts-store-repartition-0 from NewReplica to OnlineReplica (state.change.logger)
[2018-11-20 00:28:24,387] TRACE [Broker id=0] Received LeaderAndIsr request PartitionState(controllerEpoch=2, leader=0, leaderEpoch=0, isr=0, zkVersion=0, replicas=0, isNew=true) correlation id 3 from controller 0 epoch 2 for partition streams-wordcount-counts-store-repartition-0 (state.change.logger)
[2018-11-20 00:28:24,389] TRACE [Broker id=0] Handling LeaderAndIsr request correlationId 3 from controller 0 epoch 2 starting the become-leader transition for partition streams-wordcount-counts-store-repartition-0 (state.change.logger)
[2018-11-20 00:28:24,418] TRACE [Broker id=0] Stopped fetchers as part of become-leader request from controller 0 epoch 2 with correlation id 3 for partition streams-wordcount-counts-store-repartition-0 (last update controller epoch 2) (state.change.logger)
[2018-11-20 00:28:24,418] TRACE [Broker id=0] Completed LeaderAndIsr request correlationId 3 from controller 0 epoch 2 for the become-leader transition for partition streams-wordcount-counts-store-repartition-0 (state.change.logger)
[2018-11-20 00:28:24,419] TRACE [Controller id=0 epoch=2] Received response {error_code=0,partitions=[{topic=streams-wordcount-counts-store-repartition,partition=0,error_code=0}]} for request LEADER_AND_ISR with correlation id 3 sent to broker 10.0.0.41:9092 (id: 0 rack: null) (state.change.logger)
[2018-11-20 00:28:24,443] TRACE [Broker id=0] Cached leader info PartitionState(controllerEpoch=2, leader=0, leaderEpoch=0, isr=[0], zkVersion=0, replicas=[0], offlineReplicas=[]) for partition streams-wordcount-counts-store-repartition-0 in response to UpdateMetadata request sent by controller 0 epoch 2 with correlation id 4 (state.change.logger)
[2018-11-20 00:28:24,459] TRACE [Controller id=0 epoch=2] Received response {error_code=0} for request UPDATE_METADATA with correlation id 4 sent to broker 10.0.0.41:9092 (id: 0 rack: null) (state.change.logger)
[2018-11-20 00:28:24,487] TRACE [Controller id=0 epoch=2] Changed partition streams-wordcount-counts-store-changelog-0 state from NonExistentPartition to NewPartition with assigned replicas 0 (state.change.logger)
[2018-11-20 00:28:24,487] TRACE [Controller id=0 epoch=2] Changed state of replica 0 for partition streams-wordcount-counts-store-changelog-0 from NonExistentReplica to NewReplica (state.change.logger)
[2018-11-20 00:28:24,491] TRACE [Controller id=0 epoch=2] Changed partition streams-wordcount-counts-store-changelog-0 from NewPartition to OnlinePartition with state LeaderAndIsr(leader=0, leaderEpoch=0, isr=List(0), zkVersion=0) (state.change.logger)
[2018-11-20 00:28:24,491] TRACE [Controller id=0 epoch=2] Sending become-leader LeaderAndIsr request PartitionState(controllerEpoch=2, leader=0, leaderEpoch=0, isr=0, zkVersion=0, replicas=0, isNew=true) to broker 0 for partition streams-wordcount-counts-store-changelog-0 (state.change.logger)
[2018-11-20 00:28:24,492] TRACE [Controller id=0 epoch=2] Sending UpdateMetadata request PartitionState(controllerEpoch=2, leader=0, leaderEpoch=0, isr=[0], zkVersion=0, replicas=[0], offlineReplicas=[]) to brokers Set(0) for partition streams-wordcount-counts-store-changelog-0 (state.change.logger)
[2018-11-20 00:28:24,492] TRACE [Controller id=0 epoch=2] Changed state of replica 0 for partition streams-wordcount-counts-store-changelog-0 from NewReplica to OnlineReplica (state.change.logger)
[2018-11-20 00:28:24,492] TRACE [Broker id=0] Received LeaderAndIsr request PartitionState(controllerEpoch=2, leader=0, leaderEpoch=0, isr=0, zkVersion=0, replicas=0, isNew=true) correlation id 5 from controller 0 epoch 2 for partition streams-wordcount-counts-store-changelog-0 (state.change.logger)
[2018-11-20 00:28:24,493] TRACE [Broker id=0] Handling LeaderAndIsr request correlationId 5 from controller 0 epoch 2 starting the become-leader transition for partition streams-wordcount-counts-store-changelog-0 (state.change.logger)
[2018-11-20 00:28:24,502] TRACE [Broker id=0] Stopped fetchers as part of become-leader request from controller 0 epoch 2 with correlation id 5 for partition streams-wordcount-counts-store-changelog-0 (last update controller epoch 2) (state.change.logger)
[2018-11-20 00:28:24,502] TRACE [Broker id=0] Completed LeaderAndIsr request correlationId 5 from controller 0 epoch 2 for the become-leader transition for partition streams-wordcount-counts-store-changelog-0 (state.change.logger)
[2018-11-20 00:28:24,503] TRACE [Controller id=0 epoch=2] Received response {error_code=0,partitions=[{topic=streams-wordcount-counts-store-changelog,partition=0,error_code=0}]} for request LEADER_AND_ISR with correlation id 5 sent to broker 10.0.0.41:9092 (id: 0 rack: null) (state.change.logger)
[2018-11-20 00:28:24,504] TRACE [Broker id=0] Cached leader info PartitionState(controllerEpoch=2, leader=0, leaderEpoch=0, isr=[0], zkVersion=0, replicas=[0], offlineReplicas=[]) for partition streams-wordcount-counts-store-changelog-0 in response to UpdateMetadata request sent by controller 0 epoch 2 with correlation id 6 (state.change.logger)
[2018-11-20 00:28:24,505] TRACE [Controller id=0 epoch=2] Received response {error_code=0} for request UPDATE_METADATA with correlation id 6 sent to broker 10.0.0.41:9092 (id: 0 rack: null) (state.change.logger)
